mode: set
github.com/TradingLabXYZ/WebBack/route_plans.go:32.63,36.16 3 0
github.com/TradingLabXYZ/WebBack/route_plans.go:41.2,41.24 1 0
github.com/TradingLabXYZ/WebBack/route_plans.go:45.2,46.16 2 0
github.com/TradingLabXYZ/WebBack/route_plans.go:52.2,55.16 4 0
github.com/TradingLabXYZ/WebBack/route_plans.go:65.2,69.32 4 0
github.com/TradingLabXYZ/WebBack/route_plans.go:73.2,73.20 1 0
github.com/TradingLabXYZ/WebBack/route_plans.go:78.2,79.16 2 0
github.com/TradingLabXYZ/WebBack/route_plans.go:90.2,91.16 2 0
github.com/TradingLabXYZ/WebBack/route_plans.go:102.2,109.33 2 0
github.com/TradingLabXYZ/WebBack/route_plans.go:36.16,40.3 3 0
github.com/TradingLabXYZ/WebBack/route_plans.go:41.24,44.3 2 0
github.com/TradingLabXYZ/WebBack/route_plans.go:46.16,50.3 3 0
github.com/TradingLabXYZ/WebBack/route_plans.go:55.16,63.3 3 0
github.com/TradingLabXYZ/WebBack/route_plans.go:69.32,71.3 1 0
github.com/TradingLabXYZ/WebBack/route_plans.go:73.20,76.3 2 0
github.com/TradingLabXYZ/WebBack/route_plans.go:79.16,88.3 3 0
github.com/TradingLabXYZ/WebBack/route_plans.go:91.16,100.3 3 0
github.com/TradingLabXYZ/WebBack/route_plans.go:112.60,119.2 3 0
github.com/TradingLabXYZ/WebBack/route_plans.go:121.59,136.2 3 0
github.com/TradingLabXYZ/WebBack/route_plans.go:138.65,142.16 3 0
github.com/TradingLabXYZ/WebBack/route_plans.go:147.2,147.24 1 0
github.com/TradingLabXYZ/WebBack/route_plans.go:152.2,180.16 6 0
github.com/TradingLabXYZ/WebBack/route_plans.go:183.2,183.18 1 0
github.com/TradingLabXYZ/WebBack/route_plans.go:198.2,207.16 3 0
github.com/TradingLabXYZ/WebBack/route_plans.go:211.2,211.46 1 0
github.com/TradingLabXYZ/WebBack/route_plans.go:142.16,146.3 3 0
github.com/TradingLabXYZ/WebBack/route_plans.go:147.24,150.3 2 0
github.com/TradingLabXYZ/WebBack/route_plans.go:180.16,182.3 1 0
github.com/TradingLabXYZ/WebBack/route_plans.go:183.18,192.17 2 0
github.com/TradingLabXYZ/WebBack/route_plans.go:195.3,195.75 1 0
github.com/TradingLabXYZ/WebBack/route_plans.go:192.17,194.4 1 0
github.com/TradingLabXYZ/WebBack/route_plans.go:207.16,209.3 1 0
github.com/TradingLabXYZ/WebBack/route_settings.go:20.67,24.16 3 0
github.com/TradingLabXYZ/WebBack/route_settings.go:31.2,32.16 2 0
github.com/TradingLabXYZ/WebBack/route_settings.go:35.2,56.16 11 0
github.com/TradingLabXYZ/WebBack/route_settings.go:59.2,59.37 1 0
github.com/TradingLabXYZ/WebBack/route_settings.go:71.2,78.16 3 0
github.com/TradingLabXYZ/WebBack/route_settings.go:83.2,90.16 5 0
github.com/TradingLabXYZ/WebBack/route_settings.go:94.2,94.32 1 0
github.com/TradingLabXYZ/WebBack/route_settings.go:24.16,28.3 3 0
github.com/TradingLabXYZ/WebBack/route_settings.go:32.16,34.3 1 0
github.com/TradingLabXYZ/WebBack/route_settings.go:56.16,58.3 1 0
github.com/TradingLabXYZ/WebBack/route_settings.go:59.37,65.17 3 0
github.com/TradingLabXYZ/WebBack/route_settings.go:65.17,67.4 1 0
github.com/TradingLabXYZ/WebBack/route_settings.go:78.16,80.3 1 0
github.com/TradingLabXYZ/WebBack/route_settings.go:90.16,92.3 1 0
github.com/TradingLabXYZ/WebBack/route_settings.go:97.62,101.16 3 0
github.com/TradingLabXYZ/WebBack/route_settings.go:106.2,107.16 2 0
github.com/TradingLabXYZ/WebBack/route_settings.go:113.2,127.37 2 0
github.com/TradingLabXYZ/WebBack/route_settings.go:101.16,105.3 3 0
github.com/TradingLabXYZ/WebBack/route_settings.go:107.16,111.3 3 0
github.com/TradingLabXYZ/WebBack/route_settings.go:130.65,140.16 3 0
github.com/TradingLabXYZ/WebBack/route_settings.go:146.2,154.16 4 0
github.com/TradingLabXYZ/WebBack/route_settings.go:158.2,170.16 3 0
github.com/TradingLabXYZ/WebBack/route_settings.go:174.2,174.23 1 0
github.com/TradingLabXYZ/WebBack/route_settings.go:140.16,144.3 3 0
github.com/TradingLabXYZ/WebBack/route_settings.go:154.16,156.3 1 0
github.com/TradingLabXYZ/WebBack/route_settings.go:170.16,172.3 1 0
github.com/TradingLabXYZ/WebBack/route_settings.go:177.65,181.16 3 0
github.com/TradingLabXYZ/WebBack/route_settings.go:186.2,187.16 2 0
github.com/TradingLabXYZ/WebBack/route_settings.go:193.2,201.16 4 0
github.com/TradingLabXYZ/WebBack/route_settings.go:205.2,205.58 1 0
github.com/TradingLabXYZ/WebBack/route_settings.go:210.2,211.16 2 0
github.com/TradingLabXYZ/WebBack/route_settings.go:217.2,217.45 1 0
github.com/TradingLabXYZ/WebBack/route_settings.go:222.2,223.16 2 0
github.com/TradingLabXYZ/WebBack/route_settings.go:229.2,237.16 3 0
github.com/TradingLabXYZ/WebBack/route_settings.go:241.2,241.23 1 0
github.com/TradingLabXYZ/WebBack/route_settings.go:181.16,185.3 3 0
github.com/TradingLabXYZ/WebBack/route_settings.go:187.16,191.3 3 0
github.com/TradingLabXYZ/WebBack/route_settings.go:201.16,203.3 1 0
github.com/TradingLabXYZ/WebBack/route_settings.go:205.58,208.3 2 0
github.com/TradingLabXYZ/WebBack/route_settings.go:211.16,215.3 3 0
github.com/TradingLabXYZ/WebBack/route_settings.go:217.45,220.3 2 0
github.com/TradingLabXYZ/WebBack/route_settings.go:223.16,227.3 3 0
github.com/TradingLabXYZ/WebBack/route_settings.go:237.16,239.3 1 0
github.com/TradingLabXYZ/WebBack/route_settings.go:244.64,248.16 3 0
github.com/TradingLabXYZ/WebBack/route_settings.go:254.2,260.16 4 0
github.com/TradingLabXYZ/WebBack/route_settings.go:264.2,272.16 3 0
github.com/TradingLabXYZ/WebBack/route_settings.go:276.2,276.23 1 0
github.com/TradingLabXYZ/WebBack/route_settings.go:248.16,252.3 3 0
github.com/TradingLabXYZ/WebBack/route_settings.go:260.16,262.3 1 0
github.com/TradingLabXYZ/WebBack/route_settings.go:272.16,274.3 1 0
github.com/TradingLabXYZ/WebBack/route_subtrades.go:16.58,27.47 5 1
github.com/TradingLabXYZ/WebBack/route_subtrades.go:53.2,56.16 3 1
github.com/TradingLabXYZ/WebBack/route_subtrades.go:63.2,63.8 1 1
github.com/TradingLabXYZ/WebBack/route_subtrades.go:27.47,51.3 23 1
github.com/TradingLabXYZ/WebBack/route_subtrades.go:56.16,62.3 2 1
github.com/TradingLabXYZ/WebBack/route_subtrades.go:66.61,69.16 2 1
github.com/TradingLabXYZ/WebBack/route_subtrades.go:77.2,78.21 2 1
github.com/TradingLabXYZ/WebBack/route_subtrades.go:87.2,103.39 4 1
github.com/TradingLabXYZ/WebBack/route_subtrades.go:111.2,111.30 1 1
github.com/TradingLabXYZ/WebBack/route_subtrades.go:69.16,75.3 3 1
github.com/TradingLabXYZ/WebBack/route_subtrades.go:78.21,85.3 3 1
github.com/TradingLabXYZ/WebBack/route_subtrades.go:103.39,109.3 2 0
github.com/TradingLabXYZ/WebBack/route_subtrades.go:114.61,117.16 2 1
github.com/TradingLabXYZ/WebBack/route_subtrades.go:125.2,138.16 4 1
github.com/TradingLabXYZ/WebBack/route_subtrades.go:147.2,166.39 3 1
github.com/TradingLabXYZ/WebBack/route_subtrades.go:174.2,174.30 1 1
github.com/TradingLabXYZ/WebBack/route_subtrades.go:117.16,123.3 3 1
github.com/TradingLabXYZ/WebBack/route_subtrades.go:138.16,145.3 3 1
github.com/TradingLabXYZ/WebBack/route_subtrades.go:166.39,172.3 2 0
github.com/TradingLabXYZ/WebBack/route_subtrades.go:177.61,180.16 2 1
github.com/TradingLabXYZ/WebBack/route_subtrades.go:188.2,189.25 2 1
github.com/TradingLabXYZ/WebBack/route_subtrades.go:198.2,203.30 2 1
github.com/TradingLabXYZ/WebBack/route_subtrades.go:180.16,186.3 3 1
github.com/TradingLabXYZ/WebBack/route_subtrades.go:189.25,196.3 3 1
github.com/TradingLabXYZ/WebBack/route_trades_snapshot.go:70.58,81.2 5 1
github.com/TradingLabXYZ/WebBack/route_trades_snapshot.go:83.54,197.16 4 1
github.com/TradingLabXYZ/WebBack/route_trades_snapshot.go:203.2,203.25 1 1
github.com/TradingLabXYZ/WebBack/route_trades_snapshot.go:250.2,250.8 1 1
github.com/TradingLabXYZ/WebBack/route_trades_snapshot.go:197.16,202.3 1 0
github.com/TradingLabXYZ/WebBack/route_trades_snapshot.go:203.25,238.17 2 1
github.com/TradingLabXYZ/WebBack/route_trades_snapshot.go:245.3,248.33 3 1
github.com/TradingLabXYZ/WebBack/route_trades_snapshot.go:238.17,243.4 1 0
github.com/TradingLabXYZ/WebBack/route_trades_snapshot.go:253.66,272.16 4 1
github.com/TradingLabXYZ/WebBack/route_trades_snapshot.go:280.2,280.28 1 1
github.com/TradingLabXYZ/WebBack/route_trades_snapshot.go:299.2,299.8 1 1
github.com/TradingLabXYZ/WebBack/route_trades_snapshot.go:272.16,278.3 1 0
github.com/TradingLabXYZ/WebBack/route_trades_snapshot.go:280.28,290.33 2 1
github.com/TradingLabXYZ/WebBack/route_trades_snapshot.go:297.3,297.42 1 1
github.com/TradingLabXYZ/WebBack/route_trades_snapshot.go:290.33,295.4 1 0
github.com/TradingLabXYZ/WebBack/route_trades_snapshot.go:302.57,310.40 2 1
github.com/TradingLabXYZ/WebBack/route_trades_snapshot.go:317.2,320.61 4 1
github.com/TradingLabXYZ/WebBack/route_trades_snapshot.go:310.40,316.3 5 1
github.com/TradingLabXYZ/WebBack/route_trades_snapshot.go:320.61,322.3 1 0
github.com/TradingLabXYZ/WebBack/crypto_stellar.go:25.69,35.16 4 0
github.com/TradingLabXYZ/WebBack/crypto_stellar.go:43.2,44.16 2 0
github.com/TradingLabXYZ/WebBack/crypto_stellar.go:54.2,58.28 3 0
github.com/TradingLabXYZ/WebBack/crypto_stellar.go:69.2,72.16 4 0
github.com/TradingLabXYZ/WebBack/crypto_stellar.go:83.2,85.48 3 0
github.com/TradingLabXYZ/WebBack/crypto_stellar.go:95.2,97.22 3 0
github.com/TradingLabXYZ/WebBack/crypto_stellar.go:106.2,106.23 1 0
github.com/TradingLabXYZ/WebBack/crypto_stellar.go:117.2,117.32 1 0
github.com/TradingLabXYZ/WebBack/crypto_stellar.go:128.2,130.30 3 0
github.com/TradingLabXYZ/WebBack/crypto_stellar.go:141.2,146.13 2 0
github.com/TradingLabXYZ/WebBack/crypto_stellar.go:35.16,42.3 1 0
github.com/TradingLabXYZ/WebBack/crypto_stellar.go:44.16,52.3 2 0
github.com/TradingLabXYZ/WebBack/crypto_stellar.go:58.28,66.3 2 0
github.com/TradingLabXYZ/WebBack/crypto_stellar.go:72.16,80.3 2 0
github.com/TradingLabXYZ/WebBack/crypto_stellar.go:85.48,93.3 2 0
github.com/TradingLabXYZ/WebBack/crypto_stellar.go:97.22,100.3 2 0
github.com/TradingLabXYZ/WebBack/crypto_stellar.go:100.8,100.35 1 0
github.com/TradingLabXYZ/WebBack/crypto_stellar.go:100.35,103.3 2 0
github.com/TradingLabXYZ/WebBack/crypto_stellar.go:106.23,114.3 2 0
github.com/TradingLabXYZ/WebBack/crypto_stellar.go:117.32,125.3 2 0
github.com/TradingLabXYZ/WebBack/crypto_stellar.go:130.30,138.3 2 0
github.com/TradingLabXYZ/WebBack/main.go:22.13,27.16 2 0
github.com/TradingLabXYZ/WebBack/main.go:30.2,46.44 12 0
github.com/TradingLabXYZ/WebBack/main.go:27.16,29.3 1 0
github.com/TradingLabXYZ/WebBack/main.go:49.41,77.2 21 0
github.com/TradingLabXYZ/WebBack/main.go:79.33,85.16 2 0
github.com/TradingLabXYZ/WebBack/main.go:91.2,94.8 4 0
github.com/TradingLabXYZ/WebBack/main.go:85.16,90.3 2 0
github.com/TradingLabXYZ/WebBack/main.go:97.30,100.25 3 0
github.com/TradingLabXYZ/WebBack/main.go:106.2,116.16 3 0
github.com/TradingLabXYZ/WebBack/main.go:124.2,124.33 1 0
github.com/TradingLabXYZ/WebBack/main.go:132.2,132.8 1 0
github.com/TradingLabXYZ/WebBack/main.go:100.25,102.3 1 0
github.com/TradingLabXYZ/WebBack/main.go:102.8,102.29 1 0
github.com/TradingLabXYZ/WebBack/main.go:102.29,104.3 1 0
github.com/TradingLabXYZ/WebBack/main.go:116.16,122.3 2 0
github.com/TradingLabXYZ/WebBack/main.go:124.33,130.3 2 0
github.com/TradingLabXYZ/WebBack/main.go:144.33,151.2 1 0
github.com/TradingLabXYZ/WebBack/route_crypto.go:16.58,35.16 6 0
github.com/TradingLabXYZ/WebBack/route_crypto.go:38.2,38.24 1 0
github.com/TradingLabXYZ/WebBack/route_crypto.go:52.2,52.34 1 0
github.com/TradingLabXYZ/WebBack/route_crypto.go:35.16,37.3 1 0
github.com/TradingLabXYZ/WebBack/route_crypto.go:38.24,46.17 3 0
github.com/TradingLabXYZ/WebBack/route_crypto.go:49.3,49.26 1 0
github.com/TradingLabXYZ/WebBack/route_crypto.go:46.17,48.4 1 0
github.com/TradingLabXYZ/WebBack/route_crypto.go:55.65,74.16 5 0
github.com/TradingLabXYZ/WebBack/route_crypto.go:78.2,78.42 1 0
github.com/TradingLabXYZ/WebBack/route_crypto.go:74.16,76.3 1 0
github.com/TradingLabXYZ/WebBack/route_crypto.go:81.75,85.16 3 0
github.com/TradingLabXYZ/WebBack/route_crypto.go:91.2,108.16 6 0
github.com/TradingLabXYZ/WebBack/route_crypto.go:112.2,129.16 4 0
github.com/TradingLabXYZ/WebBack/route_crypto.go:133.2,141.40 2 0
github.com/TradingLabXYZ/WebBack/route_crypto.go:85.16,89.3 3 0
github.com/TradingLabXYZ/WebBack/route_crypto.go:108.16,110.3 1 0
github.com/TradingLabXYZ/WebBack/route_crypto.go:129.16,131.3 1 0
github.com/TradingLabXYZ/WebBack/route_crypto.go:144.73,148.16 3 0
github.com/TradingLabXYZ/WebBack/route_crypto.go:154.2,168.16 5 0
github.com/TradingLabXYZ/WebBack/route_crypto.go:178.2,195.16 5 0
github.com/TradingLabXYZ/WebBack/route_crypto.go:205.2,206.16 2 0
github.com/TradingLabXYZ/WebBack/route_crypto.go:217.2,220.28 3 0
github.com/TradingLabXYZ/WebBack/route_crypto.go:231.2,235.16 4 0
github.com/TradingLabXYZ/WebBack/route_crypto.go:246.2,248.48 3 0
github.com/TradingLabXYZ/WebBack/route_crypto.go:259.2,261.22 3 0
github.com/TradingLabXYZ/WebBack/route_crypto.go:269.2,269.23 1 0
github.com/TradingLabXYZ/WebBack/route_crypto.go:280.2,280.38 1 0
github.com/TradingLabXYZ/WebBack/route_crypto.go:290.2,291.30 2 0
github.com/TradingLabXYZ/WebBack/route_crypto.go:305.2,310.16 3 0
github.com/TradingLabXYZ/WebBack/route_crypto.go:322.2,334.16 3 0
github.com/TradingLabXYZ/WebBack/route_crypto.go:345.2,350.33 2 0
github.com/TradingLabXYZ/WebBack/route_crypto.go:148.16,152.3 3 0
github.com/TradingLabXYZ/WebBack/route_crypto.go:168.16,176.3 3 0
github.com/TradingLabXYZ/WebBack/route_crypto.go:195.16,204.3 3 0
github.com/TradingLabXYZ/WebBack/route_crypto.go:206.16,215.3 3 0
github.com/TradingLabXYZ/WebBack/route_crypto.go:220.28,229.3 3 0
github.com/TradingLabXYZ/WebBack/route_crypto.go:235.16,244.3 3 0
github.com/TradingLabXYZ/WebBack/route_crypto.go:248.48,257.3 3 0
github.com/TradingLabXYZ/WebBack/route_crypto.go:261.22,264.3 2 0
github.com/TradingLabXYZ/WebBack/route_crypto.go:264.8,264.35 1 0
github.com/TradingLabXYZ/WebBack/route_crypto.go:264.35,267.3 2 0
github.com/TradingLabXYZ/WebBack/route_crypto.go:269.23,278.3 3 0
github.com/TradingLabXYZ/WebBack/route_crypto.go:280.38,288.3 3 0
github.com/TradingLabXYZ/WebBack/route_crypto.go:291.30,300.3 3 0
github.com/TradingLabXYZ/WebBack/route_crypto.go:310.16,319.3 3 0
github.com/TradingLabXYZ/WebBack/route_crypto.go:334.16,343.3 3 0
github.com/TradingLabXYZ/WebBack/route_login.go:16.52,18.19 1 1
github.com/TradingLabXYZ/WebBack/route_login.go:23.2,25.16 3 1
github.com/TradingLabXYZ/WebBack/route_login.go:30.2,32.16 3 1
github.com/TradingLabXYZ/WebBack/route_login.go:39.2,40.16 2 1
github.com/TradingLabXYZ/WebBack/route_login.go:45.2,46.16 2 1
github.com/TradingLabXYZ/WebBack/route_login.go:52.2,52.41 1 1
github.com/TradingLabXYZ/WebBack/route_login.go:57.2,59.16 3 1
github.com/TradingLabXYZ/WebBack/route_login.go:65.2,87.38 2 1
github.com/TradingLabXYZ/WebBack/route_login.go:18.19,21.3 2 0
github.com/TradingLabXYZ/WebBack/route_login.go:25.16,28.3 2 1
github.com/TradingLabXYZ/WebBack/route_login.go:32.16,37.3 4 1
github.com/TradingLabXYZ/WebBack/route_login.go:40.16,43.3 2 1
github.com/TradingLabXYZ/WebBack/route_login.go:46.16,50.3 3 0
github.com/TradingLabXYZ/WebBack/route_login.go:52.41,55.3 2 1
github.com/TradingLabXYZ/WebBack/route_login.go:59.16,63.3 3 0
github.com/TradingLabXYZ/WebBack/route_trades_manage.go:32.58,35.16 2 1
github.com/TradingLabXYZ/WebBack/route_trades_manage.go:43.2,46.16 4 1
github.com/TradingLabXYZ/WebBack/route_trades_manage.go:55.2,57.35 2 1
github.com/TradingLabXYZ/WebBack/route_trades_manage.go:66.2,67.16 2 1
github.com/TradingLabXYZ/WebBack/route_trades_manage.go:75.2,76.16 2 1
github.com/TradingLabXYZ/WebBack/route_trades_manage.go:85.2,85.30 1 1
github.com/TradingLabXYZ/WebBack/route_trades_manage.go:35.16,41.3 3 1
github.com/TradingLabXYZ/WebBack/route_trades_manage.go:46.16,53.3 3 1
github.com/TradingLabXYZ/WebBack/route_trades_manage.go:57.35,64.3 3 1
github.com/TradingLabXYZ/WebBack/route_trades_manage.go:67.16,73.3 3 0
github.com/TradingLabXYZ/WebBack/route_trades_manage.go:76.16,83.3 4 1
github.com/TradingLabXYZ/WebBack/route_trades_manage.go:88.54,104.16 3 1
github.com/TradingLabXYZ/WebBack/route_trades_manage.go:111.2,111.8 1 1
github.com/TradingLabXYZ/WebBack/route_trades_manage.go:104.16,110.3 2 1
github.com/TradingLabXYZ/WebBack/route_trades_manage.go:114.64,117.16 2 1
github.com/TradingLabXYZ/WebBack/route_trades_manage.go:125.2,126.21 2 1
github.com/TradingLabXYZ/WebBack/route_trades_manage.go:135.2,137.16 3 1
github.com/TradingLabXYZ/WebBack/route_trades_manage.go:146.2,154.36 3 1
github.com/TradingLabXYZ/WebBack/route_trades_manage.go:164.2,171.36 3 1
github.com/TradingLabXYZ/WebBack/route_trades_manage.go:181.2,181.30 1 1
github.com/TradingLabXYZ/WebBack/route_trades_manage.go:117.16,123.3 3 1
github.com/TradingLabXYZ/WebBack/route_trades_manage.go:126.21,133.3 3 1
github.com/TradingLabXYZ/WebBack/route_trades_manage.go:137.16,144.3 3 0
github.com/TradingLabXYZ/WebBack/route_trades_manage.go:154.36,162.3 3 1
github.com/TradingLabXYZ/WebBack/route_trades_manage.go:171.36,179.3 3 0
github.com/TradingLabXYZ/WebBack/route_trades_manage.go:184.58,187.16 2 1
github.com/TradingLabXYZ/WebBack/route_trades_manage.go:195.2,196.21 2 1
github.com/TradingLabXYZ/WebBack/route_trades_manage.go:205.2,210.30 2 1
github.com/TradingLabXYZ/WebBack/route_trades_manage.go:187.16,193.3 3 1
github.com/TradingLabXYZ/WebBack/route_trades_manage.go:196.21,203.3 3 1
github.com/TradingLabXYZ/WebBack/utilities.go:15.61,16.21 1 1
github.com/TradingLabXYZ/WebBack/utilities.go:20.2,21.8 2 1
github.com/TradingLabXYZ/WebBack/utilities.go:16.21,19.3 2 1
github.com/TradingLabXYZ/WebBack/utilities.go:24.44,27.16 3 1
github.com/TradingLabXYZ/WebBack/utilities.go:36.2,41.8 4 1
github.com/TradingLabXYZ/WebBack/utilities.go:27.16,33.3 3 0
github.com/TradingLabXYZ/WebBack/utilities.go:44.36,48.19 4 1
github.com/TradingLabXYZ/WebBack/utilities.go:51.2,51.18 1 1
github.com/TradingLabXYZ/WebBack/utilities.go:48.19,50.3 1 1
github.com/TradingLabXYZ/WebBack/route_trades_ws.go:19.60,25.16 4 0
github.com/TradingLabXYZ/WebBack/route_trades_ws.go:31.2,32.20 2 0
github.com/TradingLabXYZ/WebBack/route_trades_ws.go:37.2,38.16 2 0
github.com/TradingLabXYZ/WebBack/route_trades_ws.go:46.2,52.33 6 0
github.com/TradingLabXYZ/WebBack/route_trades_ws.go:25.16,29.3 3 0
github.com/TradingLabXYZ/WebBack/route_trades_ws.go:32.20,35.3 2 0
github.com/TradingLabXYZ/WebBack/route_trades_ws.go:38.16,44.3 3 0
github.com/TradingLabXYZ/WebBack/route_trades_ws.go:55.74,57.32 1 0
github.com/TradingLabXYZ/WebBack/route_trades_ws.go:61.2,62.16 2 0
github.com/TradingLabXYZ/WebBack/route_trades_ws.go:66.2,67.16 2 0
github.com/TradingLabXYZ/WebBack/route_trades_ws.go:71.2,71.33 1 0
github.com/TradingLabXYZ/WebBack/route_trades_ws.go:75.2,75.27 1 0
github.com/TradingLabXYZ/WebBack/route_trades_ws.go:57.32,59.3 1 0
github.com/TradingLabXYZ/WebBack/route_trades_ws.go:62.16,64.3 1 0
github.com/TradingLabXYZ/WebBack/route_trades_ws.go:67.16,69.3 1 0
github.com/TradingLabXYZ/WebBack/route_trades_ws.go:71.33,73.3 1 0
github.com/TradingLabXYZ/WebBack/route_trades_ws.go:76.17,77.53 1 0
github.com/TradingLabXYZ/WebBack/route_trades_ws.go:78.19,87.17 3 0
github.com/TradingLabXYZ/WebBack/route_trades_ws.go:92.21,101.19 3 0
github.com/TradingLabXYZ/WebBack/route_trades_ws.go:106.10,107.53 1 0
github.com/TradingLabXYZ/WebBack/route_trades_ws.go:87.17,89.4 1 0
github.com/TradingLabXYZ/WebBack/route_trades_ws.go:89.9,91.4 1 0
github.com/TradingLabXYZ/WebBack/route_trades_ws.go:101.19,103.4 1 0
github.com/TradingLabXYZ/WebBack/route_trades_ws.go:103.9,105.4 1 0
github.com/TradingLabXYZ/WebBack/route_trades_ws.go:111.97,116.52 2 0
github.com/TradingLabXYZ/WebBack/route_trades_ws.go:124.2,124.29 1 0
github.com/TradingLabXYZ/WebBack/route_trades_ws.go:129.2,129.8 1 0
github.com/TradingLabXYZ/WebBack/route_trades_ws.go:116.52,117.34 1 0
github.com/TradingLabXYZ/WebBack/route_trades_ws.go:122.3,122.15 1 0
github.com/TradingLabXYZ/WebBack/route_trades_ws.go:117.34,118.39 1 0
github.com/TradingLabXYZ/WebBack/route_trades_ws.go:118.39,120.5 1 0
github.com/TradingLabXYZ/WebBack/route_trades_ws.go:124.29,126.3 1 0
github.com/TradingLabXYZ/WebBack/route_trades_ws.go:126.8,128.3 1 0
github.com/TradingLabXYZ/WebBack/route_trades_ws.go:132.48,134.37 2 0
github.com/TradingLabXYZ/WebBack/route_trades_ws.go:134.37,136.17 2 0
github.com/TradingLabXYZ/WebBack/route_trades_ws.go:136.17,143.4 3 0
github.com/TradingLabXYZ/WebBack/route_trades_ws.go:148.44,149.6 1 0
github.com/TradingLabXYZ/WebBack/route_trades_ws.go:149.6,151.17 2 0
github.com/TradingLabXYZ/WebBack/route_trades_ws.go:151.17,152.62 1 0
github.com/TradingLabXYZ/WebBack/route_trades_ws.go:159.4,160.10 2 0
github.com/TradingLabXYZ/WebBack/route_trades_ws.go:152.62,153.42 1 0
github.com/TradingLabXYZ/WebBack/route_trades_ws.go:153.42,157.6 1 0
github.com/TradingLabXYZ/WebBack/route_trades_ws.go:161.9,168.4 3 0
github.com/TradingLabXYZ/WebBack/route_trades_ws.go:172.46,173.6 1 0
github.com/TradingLabXYZ/WebBack/route_trades_ws.go:173.6,175.61 2 0
github.com/TradingLabXYZ/WebBack/route_trades_ws.go:175.61,177.18 2 0
github.com/TradingLabXYZ/WebBack/route_trades_ws.go:177.18,184.5 3 0
github.com/TradingLabXYZ/WebBack/utilities_db.go:31.64,33.16 2 1
github.com/TradingLabXYZ/WebBack/utilities_db.go:37.2,51.16 3 1
github.com/TradingLabXYZ/WebBack/utilities_db.go:55.2,55.8 1 1
github.com/TradingLabXYZ/WebBack/utilities_db.go:33.16,35.3 1 0
github.com/TradingLabXYZ/WebBack/utilities_db.go:51.16,54.3 2 1
github.com/TradingLabXYZ/WebBack/utilities_db.go:58.77,60.16 2 1
github.com/TradingLabXYZ/WebBack/utilities_db.go:63.2,64.8 2 1
github.com/TradingLabXYZ/WebBack/utilities_db.go:60.16,62.3 1 0
github.com/TradingLabXYZ/WebBack/utilities_db.go:67.87,68.15 1 1
github.com/TradingLabXYZ/WebBack/utilities_db.go:80.2,80.8 1 1
github.com/TradingLabXYZ/WebBack/utilities_db.go:69.16,71.17 2 1
github.com/TradingLabXYZ/WebBack/utilities_db.go:74.16,76.17 2 0
github.com/TradingLabXYZ/WebBack/utilities_db.go:71.17,73.4 1 0
github.com/TradingLabXYZ/WebBack/utilities_db.go:76.17,78.4 1 0
github.com/TradingLabXYZ/WebBack/utilities_db.go:83.72,84.40 1 1
github.com/TradingLabXYZ/WebBack/utilities_db.go:84.40,86.27 2 1
github.com/TradingLabXYZ/WebBack/utilities_db.go:86.27,89.4 2 1
github.com/TradingLabXYZ/WebBack/utilities_db.go:89.9,92.4 2 0
github.com/TradingLabXYZ/WebBack/utilities_db.go:93.8,96.3 2 0
github.com/TradingLabXYZ/WebBack/utilities_db.go:99.72,100.37 1 0
github.com/TradingLabXYZ/WebBack/utilities_db.go:105.2,105.24 1 0
github.com/TradingLabXYZ/WebBack/utilities_db.go:108.2,108.8 1 0
github.com/TradingLabXYZ/WebBack/utilities_db.go:100.37,101.33 1 0
github.com/TradingLabXYZ/WebBack/utilities_db.go:101.33,103.4 1 0
github.com/TradingLabXYZ/WebBack/utilities_db.go:105.24,107.3 1 0
github.com/TradingLabXYZ/WebBack/utilities_db.go:111.46,120.2 2 1
github.com/TradingLabXYZ/WebBack/utilities_db.go:122.65,148.2 3 1
github.com/TradingLabXYZ/WebBack/db_listener.go:14.35,18.2 3 0
github.com/TradingLabXYZ/WebBack/db_listener.go:20.36,21.60 1 0
github.com/TradingLabXYZ/WebBack/db_listener.go:28.2,30.16 3 0
github.com/TradingLabXYZ/WebBack/db_listener.go:21.60,22.17 1 0
github.com/TradingLabXYZ/WebBack/db_listener.go:22.17,26.4 1 0
github.com/TradingLabXYZ/WebBack/db_listener.go:30.16,34.3 1 0
github.com/TradingLabXYZ/WebBack/db_listener.go:37.41,38.6 1 0
github.com/TradingLabXYZ/WebBack/db_listener.go:38.6,42.3 3 0
github.com/TradingLabXYZ/WebBack/db_listener.go:45.42,48.46 3 0
github.com/TradingLabXYZ/WebBack/db_listener.go:48.46,50.3 1 0
github.com/TradingLabXYZ/WebBack/route_register.go:13.55,22.16 5 0
github.com/TradingLabXYZ/WebBack/route_register.go:27.2,28.33 2 0
github.com/TradingLabXYZ/WebBack/route_register.go:22.16,26.3 3 0
github.com/TradingLabXYZ/WebBack/route_register.go:31.65,37.16 6 0
github.com/TradingLabXYZ/WebBack/route_register.go:41.2,51.16 3 0
github.com/TradingLabXYZ/WebBack/route_register.go:37.16,40.3 2 0
github.com/TradingLabXYZ/WebBack/route_register.go:51.16,54.3 2 0
