mode: set
github.com/TradingLabXYZ/WebBack/route_login.go:16.52,18.19 1 0
github.com/TradingLabXYZ/WebBack/route_login.go:23.2,25.16 3 0
github.com/TradingLabXYZ/WebBack/route_login.go:30.2,32.16 3 0
github.com/TradingLabXYZ/WebBack/route_login.go:39.2,40.16 2 0
github.com/TradingLabXYZ/WebBack/route_login.go:45.2,46.16 2 0
github.com/TradingLabXYZ/WebBack/route_login.go:52.2,52.41 1 0
github.com/TradingLabXYZ/WebBack/route_login.go:57.2,59.16 3 0
github.com/TradingLabXYZ/WebBack/route_login.go:65.2,87.38 2 0
github.com/TradingLabXYZ/WebBack/route_login.go:18.19,21.3 2 0
github.com/TradingLabXYZ/WebBack/route_login.go:25.16,28.3 2 0
github.com/TradingLabXYZ/WebBack/route_login.go:32.16,37.3 4 0
github.com/TradingLabXYZ/WebBack/route_login.go:40.16,43.3 2 0
github.com/TradingLabXYZ/WebBack/route_login.go:46.16,50.3 3 0
github.com/TradingLabXYZ/WebBack/route_login.go:52.41,55.3 2 0
github.com/TradingLabXYZ/WebBack/route_login.go:59.16,63.3 3 0
github.com/TradingLabXYZ/WebBack/route_plans.go:32.63,36.16 3 0
github.com/TradingLabXYZ/WebBack/route_plans.go:41.2,41.24 1 0
github.com/TradingLabXYZ/WebBack/route_plans.go:45.2,46.16 2 0
github.com/TradingLabXYZ/WebBack/route_plans.go:52.2,55.16 4 0
github.com/TradingLabXYZ/WebBack/route_plans.go:65.2,69.32 4 0
github.com/TradingLabXYZ/WebBack/route_plans.go:73.2,73.20 1 0
github.com/TradingLabXYZ/WebBack/route_plans.go:78.2,79.16 2 0
github.com/TradingLabXYZ/WebBack/route_plans.go:90.2,91.16 2 0
github.com/TradingLabXYZ/WebBack/route_plans.go:102.2,109.33 2 0
github.com/TradingLabXYZ/WebBack/route_plans.go:36.16,40.3 3 0
github.com/TradingLabXYZ/WebBack/route_plans.go:41.24,44.3 2 0
github.com/TradingLabXYZ/WebBack/route_plans.go:46.16,50.3 3 0
github.com/TradingLabXYZ/WebBack/route_plans.go:55.16,63.3 3 0
github.com/TradingLabXYZ/WebBack/route_plans.go:69.32,71.3 1 0
github.com/TradingLabXYZ/WebBack/route_plans.go:73.20,76.3 2 0
github.com/TradingLabXYZ/WebBack/route_plans.go:79.16,88.3 3 0
github.com/TradingLabXYZ/WebBack/route_plans.go:91.16,100.3 3 0
github.com/TradingLabXYZ/WebBack/route_plans.go:112.60,119.2 3 0
github.com/TradingLabXYZ/WebBack/route_plans.go:121.59,136.2 3 0
github.com/TradingLabXYZ/WebBack/route_plans.go:138.65,142.16 3 0
github.com/TradingLabXYZ/WebBack/route_plans.go:147.2,147.24 1 0
github.com/TradingLabXYZ/WebBack/route_plans.go:152.2,180.16 6 0
github.com/TradingLabXYZ/WebBack/route_plans.go:183.2,183.18 1 0
github.com/TradingLabXYZ/WebBack/route_plans.go:198.2,207.16 3 0
github.com/TradingLabXYZ/WebBack/route_plans.go:211.2,211.46 1 0
github.com/TradingLabXYZ/WebBack/route_plans.go:142.16,146.3 3 0
github.com/TradingLabXYZ/WebBack/route_plans.go:147.24,150.3 2 0
github.com/TradingLabXYZ/WebBack/route_plans.go:180.16,182.3 1 0
github.com/TradingLabXYZ/WebBack/route_plans.go:183.18,192.17 2 0
github.com/TradingLabXYZ/WebBack/route_plans.go:195.3,195.75 1 0
github.com/TradingLabXYZ/WebBack/route_plans.go:192.17,194.4 1 0
github.com/TradingLabXYZ/WebBack/route_plans.go:207.16,209.3 1 0
github.com/TradingLabXYZ/WebBack/route_register.go:13.55,22.16 5 0
github.com/TradingLabXYZ/WebBack/route_register.go:27.2,28.33 2 0
github.com/TradingLabXYZ/WebBack/route_register.go:22.16,26.3 3 0
github.com/TradingLabXYZ/WebBack/route_register.go:31.65,37.16 6 0
github.com/TradingLabXYZ/WebBack/route_register.go:41.2,51.16 3 0
github.com/TradingLabXYZ/WebBack/route_register.go:37.16,40.3 2 0
github.com/TradingLabXYZ/WebBack/route_register.go:51.16,54.3 2 0
github.com/TradingLabXYZ/WebBack/route_subtrades.go:16.58,27.47 5 0
github.com/TradingLabXYZ/WebBack/route_subtrades.go:53.2,56.16 3 0
github.com/TradingLabXYZ/WebBack/route_subtrades.go:63.2,63.8 1 0
github.com/TradingLabXYZ/WebBack/route_subtrades.go:27.47,51.3 23 0
github.com/TradingLabXYZ/WebBack/route_subtrades.go:56.16,62.3 2 0
github.com/TradingLabXYZ/WebBack/route_subtrades.go:66.61,69.16 2 0
github.com/TradingLabXYZ/WebBack/route_subtrades.go:77.2,78.21 2 0
github.com/TradingLabXYZ/WebBack/route_subtrades.go:87.2,103.39 4 0
github.com/TradingLabXYZ/WebBack/route_subtrades.go:111.2,111.30 1 0
github.com/TradingLabXYZ/WebBack/route_subtrades.go:69.16,75.3 3 0
github.com/TradingLabXYZ/WebBack/route_subtrades.go:78.21,85.3 3 0
github.com/TradingLabXYZ/WebBack/route_subtrades.go:103.39,109.3 2 0
github.com/TradingLabXYZ/WebBack/route_subtrades.go:114.61,117.16 2 0
github.com/TradingLabXYZ/WebBack/route_subtrades.go:125.2,138.16 4 0
github.com/TradingLabXYZ/WebBack/route_subtrades.go:147.2,166.39 3 0
github.com/TradingLabXYZ/WebBack/route_subtrades.go:174.2,174.30 1 0
github.com/TradingLabXYZ/WebBack/route_subtrades.go:117.16,123.3 3 0
github.com/TradingLabXYZ/WebBack/route_subtrades.go:138.16,145.3 3 0
github.com/TradingLabXYZ/WebBack/route_subtrades.go:166.39,172.3 2 0
github.com/TradingLabXYZ/WebBack/route_subtrades.go:177.61,180.16 2 0
github.com/TradingLabXYZ/WebBack/route_subtrades.go:188.2,189.25 2 0
github.com/TradingLabXYZ/WebBack/route_subtrades.go:198.2,203.30 2 0
github.com/TradingLabXYZ/WebBack/route_subtrades.go:180.16,186.3 3 0
github.com/TradingLabXYZ/WebBack/route_subtrades.go:189.25,196.3 3 0
github.com/TradingLabXYZ/WebBack/route_trades_manage.go:32.58,35.16 2 0
github.com/TradingLabXYZ/WebBack/route_trades_manage.go:43.2,46.16 4 0
github.com/TradingLabXYZ/WebBack/route_trades_manage.go:55.2,57.35 2 0
github.com/TradingLabXYZ/WebBack/route_trades_manage.go:66.2,67.16 2 0
github.com/TradingLabXYZ/WebBack/route_trades_manage.go:75.2,76.16 2 0
github.com/TradingLabXYZ/WebBack/route_trades_manage.go:85.2,85.30 1 0
github.com/TradingLabXYZ/WebBack/route_trades_manage.go:35.16,41.3 3 0
github.com/TradingLabXYZ/WebBack/route_trades_manage.go:46.16,53.3 3 0
github.com/TradingLabXYZ/WebBack/route_trades_manage.go:57.35,64.3 3 0
github.com/TradingLabXYZ/WebBack/route_trades_manage.go:67.16,73.3 3 0
github.com/TradingLabXYZ/WebBack/route_trades_manage.go:76.16,83.3 4 0
github.com/TradingLabXYZ/WebBack/route_trades_manage.go:88.54,104.16 3 0
github.com/TradingLabXYZ/WebBack/route_trades_manage.go:111.2,111.8 1 0
github.com/TradingLabXYZ/WebBack/route_trades_manage.go:104.16,110.3 2 0
github.com/TradingLabXYZ/WebBack/route_trades_manage.go:114.64,117.16 2 0
github.com/TradingLabXYZ/WebBack/route_trades_manage.go:125.2,126.21 2 0
github.com/TradingLabXYZ/WebBack/route_trades_manage.go:135.2,137.16 3 0
github.com/TradingLabXYZ/WebBack/route_trades_manage.go:146.2,154.36 3 0
github.com/TradingLabXYZ/WebBack/route_trades_manage.go:164.2,171.36 3 0
github.com/TradingLabXYZ/WebBack/route_trades_manage.go:181.2,181.30 1 0
github.com/TradingLabXYZ/WebBack/route_trades_manage.go:117.16,123.3 3 0
github.com/TradingLabXYZ/WebBack/route_trades_manage.go:126.21,133.3 3 0
github.com/TradingLabXYZ/WebBack/route_trades_manage.go:137.16,144.3 3 0
github.com/TradingLabXYZ/WebBack/route_trades_manage.go:154.36,162.3 3 0
github.com/TradingLabXYZ/WebBack/route_trades_manage.go:171.36,179.3 3 0
github.com/TradingLabXYZ/WebBack/route_trades_manage.go:184.58,187.16 2 0
github.com/TradingLabXYZ/WebBack/route_trades_manage.go:195.2,196.21 2 0
github.com/TradingLabXYZ/WebBack/route_trades_manage.go:205.2,210.30 2 0
github.com/TradingLabXYZ/WebBack/route_trades_manage.go:187.16,193.3 3 0
github.com/TradingLabXYZ/WebBack/route_trades_manage.go:196.21,203.3 3 0
github.com/TradingLabXYZ/WebBack/route_trades_snapshot.go:70.58,81.2 5 1
github.com/TradingLabXYZ/WebBack/route_trades_snapshot.go:83.54,197.16 4 1
github.com/TradingLabXYZ/WebBack/route_trades_snapshot.go:203.2,203.25 1 1
github.com/TradingLabXYZ/WebBack/route_trades_snapshot.go:250.2,250.8 1 1
github.com/TradingLabXYZ/WebBack/route_trades_snapshot.go:197.16,202.3 1 0
github.com/TradingLabXYZ/WebBack/route_trades_snapshot.go:203.25,238.17 2 1
github.com/TradingLabXYZ/WebBack/route_trades_snapshot.go:245.3,248.33 3 1
github.com/TradingLabXYZ/WebBack/route_trades_snapshot.go:238.17,243.4 1 0
github.com/TradingLabXYZ/WebBack/route_trades_snapshot.go:253.66,272.16 4 1
github.com/TradingLabXYZ/WebBack/route_trades_snapshot.go:280.2,280.28 1 1
github.com/TradingLabXYZ/WebBack/route_trades_snapshot.go:299.2,299.8 1 1
github.com/TradingLabXYZ/WebBack/route_trades_snapshot.go:272.16,278.3 1 0
github.com/TradingLabXYZ/WebBack/route_trades_snapshot.go:280.28,290.33 2 1
github.com/TradingLabXYZ/WebBack/route_trades_snapshot.go:297.3,297.42 1 1
github.com/TradingLabXYZ/WebBack/route_trades_snapshot.go:290.33,295.4 1 0
github.com/TradingLabXYZ/WebBack/route_trades_snapshot.go:302.57,310.40 2 1
github.com/TradingLabXYZ/WebBack/route_trades_snapshot.go:317.2,320.61 4 1
github.com/TradingLabXYZ/WebBack/route_trades_snapshot.go:310.40,316.3 5 1
github.com/TradingLabXYZ/WebBack/route_trades_snapshot.go:320.61,322.3 1 0
github.com/TradingLabXYZ/WebBack/crypto_stellar.go:25.69,35.16 4 0
github.com/TradingLabXYZ/WebBack/crypto_stellar.go:43.2,44.16 2 0
github.com/TradingLabXYZ/WebBack/crypto_stellar.go:54.2,58.28 3 0
github.com/TradingLabXYZ/WebBack/crypto_stellar.go:69.2,72.16 4 0
github.com/TradingLabXYZ/WebBack/crypto_stellar.go:83.2,85.48 3 0
github.com/TradingLabXYZ/WebBack/crypto_stellar.go:95.2,97.22 3 0
github.com/TradingLabXYZ/WebBack/crypto_stellar.go:106.2,106.23 1 0
github.com/TradingLabXYZ/WebBack/crypto_stellar.go:117.2,117.32 1 0
github.com/TradingLabXYZ/WebBack/crypto_stellar.go:128.2,130.30 3 0
github.com/TradingLabXYZ/WebBack/crypto_stellar.go:141.2,146.13 2 0
github.com/TradingLabXYZ/WebBack/crypto_stellar.go:35.16,42.3 1 0
github.com/TradingLabXYZ/WebBack/crypto_stellar.go:44.16,52.3 2 0
github.com/TradingLabXYZ/WebBack/crypto_stellar.go:58.28,66.3 2 0
github.com/TradingLabXYZ/WebBack/crypto_stellar.go:72.16,80.3 2 0
github.com/TradingLabXYZ/WebBack/crypto_stellar.go:85.48,93.3 2 0
github.com/TradingLabXYZ/WebBack/crypto_stellar.go:97.22,100.3 2 0
github.com/TradingLabXYZ/WebBack/crypto_stellar.go:100.8,100.35 1 0
github.com/TradingLabXYZ/WebBack/crypto_stellar.go:100.35,103.3 2 0
github.com/TradingLabXYZ/WebBack/crypto_stellar.go:106.23,114.3 2 0
github.com/TradingLabXYZ/WebBack/crypto_stellar.go:117.32,125.3 2 0
github.com/TradingLabXYZ/WebBack/crypto_stellar.go:130.30,138.3 2 0
github.com/TradingLabXYZ/WebBack/main.go:22.13,27.16 2 0
github.com/TradingLabXYZ/WebBack/main.go:30.2,46.44 12 0
github.com/TradingLabXYZ/WebBack/main.go:27.16,29.3 1 0
github.com/TradingLabXYZ/WebBack/main.go:49.41,77.2 21 0
github.com/TradingLabXYZ/WebBack/main.go:79.33,85.16 2 0
github.com/TradingLabXYZ/WebBack/main.go:91.2,94.8 4 0
github.com/TradingLabXYZ/WebBack/main.go:85.16,90.3 2 0
github.com/TradingLabXYZ/WebBack/main.go:97.30,100.25 3 0
github.com/TradingLabXYZ/WebBack/main.go:106.2,116.16 3 0
github.com/TradingLabXYZ/WebBack/main.go:124.2,124.33 1 0
github.com/TradingLabXYZ/WebBack/main.go:132.2,132.8 1 0
github.com/TradingLabXYZ/WebBack/main.go:100.25,102.3 1 0
github.com/TradingLabXYZ/WebBack/main.go:102.8,102.29 1 0
github.com/TradingLabXYZ/WebBack/main.go:102.29,104.3 1 0
github.com/TradingLabXYZ/WebBack/main.go:116.16,122.3 2 0
github.com/TradingLabXYZ/WebBack/main.go:124.33,130.3 2 0
github.com/TradingLabXYZ/WebBack/main.go:145.33,152.2 1 0
github.com/TradingLabXYZ/WebBack/route_crypto.go:16.58,35.16 6 0
github.com/TradingLabXYZ/WebBack/route_crypto.go:38.2,38.24 1 0
github.com/TradingLabXYZ/WebBack/route_crypto.go:52.2,52.34 1 0
github.com/TradingLabXYZ/WebBack/route_crypto.go:35.16,37.3 1 0
github.com/TradingLabXYZ/WebBack/route_crypto.go:38.24,46.17 3 0
github.com/TradingLabXYZ/WebBack/route_crypto.go:49.3,49.26 1 0
github.com/TradingLabXYZ/WebBack/route_crypto.go:46.17,48.4 1 0
github.com/TradingLabXYZ/WebBack/route_crypto.go:55.65,74.16 5 0
github.com/TradingLabXYZ/WebBack/route_crypto.go:78.2,78.42 1 0
github.com/TradingLabXYZ/WebBack/route_crypto.go:74.16,76.3 1 0
github.com/TradingLabXYZ/WebBack/route_crypto.go:81.75,85.16 3 0
github.com/TradingLabXYZ/WebBack/route_crypto.go:91.2,108.16 6 0
github.com/TradingLabXYZ/WebBack/route_crypto.go:112.2,129.16 4 0
github.com/TradingLabXYZ/WebBack/route_crypto.go:133.2,141.40 2 0
github.com/TradingLabXYZ/WebBack/route_crypto.go:85.16,89.3 3 0
github.com/TradingLabXYZ/WebBack/route_crypto.go:108.16,110.3 1 0
github.com/TradingLabXYZ/WebBack/route_crypto.go:129.16,131.3 1 0
github.com/TradingLabXYZ/WebBack/route_crypto.go:144.73,148.16 3 0
github.com/TradingLabXYZ/WebBack/route_crypto.go:154.2,168.16 5 0
github.com/TradingLabXYZ/WebBack/route_crypto.go:178.2,195.16 5 0
github.com/TradingLabXYZ/WebBack/route_crypto.go:205.2,206.16 2 0
github.com/TradingLabXYZ/WebBack/route_crypto.go:217.2,220.28 3 0
github.com/TradingLabXYZ/WebBack/route_crypto.go:231.2,235.16 4 0
github.com/TradingLabXYZ/WebBack/route_crypto.go:246.2,248.48 3 0
github.com/TradingLabXYZ/WebBack/route_crypto.go:259.2,261.22 3 0
github.com/TradingLabXYZ/WebBack/route_crypto.go:269.2,269.23 1 0
github.com/TradingLabXYZ/WebBack/route_crypto.go:280.2,280.38 1 0
github.com/TradingLabXYZ/WebBack/route_crypto.go:290.2,291.30 2 0
github.com/TradingLabXYZ/WebBack/route_crypto.go:305.2,310.16 3 0
github.com/TradingLabXYZ/WebBack/route_crypto.go:322.2,334.16 3 0
github.com/TradingLabXYZ/WebBack/route_crypto.go:345.2,350.33 2 0
github.com/TradingLabXYZ/WebBack/route_crypto.go:148.16,152.3 3 0
github.com/TradingLabXYZ/WebBack/route_crypto.go:168.16,176.3 3 0
github.com/TradingLabXYZ/WebBack/route_crypto.go:195.16,204.3 3 0
github.com/TradingLabXYZ/WebBack/route_crypto.go:206.16,215.3 3 0
github.com/TradingLabXYZ/WebBack/route_crypto.go:220.28,229.3 3 0
github.com/TradingLabXYZ/WebBack/route_crypto.go:235.16,244.3 3 0
github.com/TradingLabXYZ/WebBack/route_crypto.go:248.48,257.3 3 0
github.com/TradingLabXYZ/WebBack/route_crypto.go:261.22,264.3 2 0
github.com/TradingLabXYZ/WebBack/route_crypto.go:264.8,264.35 1 0
github.com/TradingLabXYZ/WebBack/route_crypto.go:264.35,267.3 2 0
github.com/TradingLabXYZ/WebBack/route_crypto.go:269.23,278.3 3 0
github.com/TradingLabXYZ/WebBack/route_crypto.go:280.38,288.3 3 0
github.com/TradingLabXYZ/WebBack/route_crypto.go:291.30,300.3 3 0
github.com/TradingLabXYZ/WebBack/route_crypto.go:310.16,319.3 3 0
github.com/TradingLabXYZ/WebBack/route_crypto.go:334.16,343.3 3 0
github.com/TradingLabXYZ/WebBack/route_settings.go:17.67,20.16 2 0
github.com/TradingLabXYZ/WebBack/route_settings.go:28.2,29.20 2 0
github.com/TradingLabXYZ/WebBack/route_settings.go:37.2,38.82 2 0
github.com/TradingLabXYZ/WebBack/route_settings.go:47.2,50.31 3 0
github.com/TradingLabXYZ/WebBack/route_settings.go:60.2,78.16 8 0
github.com/TradingLabXYZ/WebBack/route_settings.go:86.2,86.37 1 0
github.com/TradingLabXYZ/WebBack/route_settings.go:103.2,110.16 3 0
github.com/TradingLabXYZ/WebBack/route_settings.go:120.2,127.16 5 0
github.com/TradingLabXYZ/WebBack/route_settings.go:136.2,136.32 1 0
github.com/TradingLabXYZ/WebBack/route_settings.go:20.16,26.3 3 0
github.com/TradingLabXYZ/WebBack/route_settings.go:29.20,35.3 3 0
github.com/TradingLabXYZ/WebBack/route_settings.go:38.82,46.3 3 0
github.com/TradingLabXYZ/WebBack/route_settings.go:50.31,58.3 3 0
github.com/TradingLabXYZ/WebBack/route_settings.go:78.16,85.3 3 0
github.com/TradingLabXYZ/WebBack/route_settings.go:86.37,92.17 3 0
github.com/TradingLabXYZ/WebBack/route_settings.go:92.17,99.4 3 0
github.com/TradingLabXYZ/WebBack/route_settings.go:110.16,117.3 3 0
github.com/TradingLabXYZ/WebBack/route_settings.go:127.16,134.3 3 0
github.com/TradingLabXYZ/WebBack/route_settings.go:139.62,142.16 2 0
github.com/TradingLabXYZ/WebBack/route_settings.go:150.2,151.16 2 0
github.com/TradingLabXYZ/WebBack/route_settings.go:159.2,173.37 2 0
github.com/TradingLabXYZ/WebBack/route_settings.go:142.16,148.3 3 0
github.com/TradingLabXYZ/WebBack/route_settings.go:151.16,157.3 3 0
github.com/TradingLabXYZ/WebBack/route_settings.go:176.65,185.16 2 0
github.com/TradingLabXYZ/WebBack/route_settings.go:193.2,201.16 4 0
github.com/TradingLabXYZ/WebBack/route_settings.go:210.2,219.28 3 0
github.com/TradingLabXYZ/WebBack/route_settings.go:229.2,238.30 3 0
github.com/TradingLabXYZ/WebBack/route_settings.go:248.2,257.30 3 0
github.com/TradingLabXYZ/WebBack/route_settings.go:267.2,280.16 3 0
github.com/TradingLabXYZ/WebBack/route_settings.go:284.2,284.30 1 0
github.com/TradingLabXYZ/WebBack/route_settings.go:185.16,191.3 3 0
github.com/TradingLabXYZ/WebBack/route_settings.go:201.16,208.3 3 0
github.com/TradingLabXYZ/WebBack/route_settings.go:219.28,227.3 3 0
github.com/TradingLabXYZ/WebBack/route_settings.go:238.30,246.3 3 0
github.com/TradingLabXYZ/WebBack/route_settings.go:257.30,265.3 3 0
github.com/TradingLabXYZ/WebBack/route_settings.go:280.16,282.3 1 0
github.com/TradingLabXYZ/WebBack/route_settings.go:287.65,290.16 2 0
github.com/TradingLabXYZ/WebBack/route_settings.go:298.2,299.16 2 0
github.com/TradingLabXYZ/WebBack/route_settings.go:307.2,318.37 4 0
github.com/TradingLabXYZ/WebBack/route_settings.go:327.2,327.58 1 0
github.com/TradingLabXYZ/WebBack/route_settings.go:332.2,333.16 2 0
github.com/TradingLabXYZ/WebBack/route_settings.go:342.2,342.45 1 0
github.com/TradingLabXYZ/WebBack/route_settings.go:347.2,348.16 2 0
github.com/TradingLabXYZ/WebBack/route_settings.go:357.2,365.16 3 0
github.com/TradingLabXYZ/WebBack/route_settings.go:374.2,374.30 1 0
github.com/TradingLabXYZ/WebBack/route_settings.go:290.16,296.3 3 0
github.com/TradingLabXYZ/WebBack/route_settings.go:299.16,305.3 3 0
github.com/TradingLabXYZ/WebBack/route_settings.go:318.37,325.3 3 0
github.com/TradingLabXYZ/WebBack/route_settings.go:327.58,330.3 2 0
github.com/TradingLabXYZ/WebBack/route_settings.go:333.16,340.3 3 0
github.com/TradingLabXYZ/WebBack/route_settings.go:342.45,345.3 2 0
github.com/TradingLabXYZ/WebBack/route_settings.go:348.16,355.3 3 0
github.com/TradingLabXYZ/WebBack/route_settings.go:365.16,372.3 3 0
github.com/TradingLabXYZ/WebBack/route_settings.go:377.64,380.16 2 0
github.com/TradingLabXYZ/WebBack/route_settings.go:388.2,394.41 4 0
github.com/TradingLabXYZ/WebBack/route_settings.go:403.2,406.34 1 0
github.com/TradingLabXYZ/WebBack/route_settings.go:416.2,424.16 3 0
github.com/TradingLabXYZ/WebBack/route_settings.go:432.2,432.30 1 0
github.com/TradingLabXYZ/WebBack/route_settings.go:380.16,386.3 3 0
github.com/TradingLabXYZ/WebBack/route_settings.go:394.41,401.3 3 0
github.com/TradingLabXYZ/WebBack/route_settings.go:406.34,414.3 3 0
github.com/TradingLabXYZ/WebBack/route_settings.go:424.16,430.3 2 0
github.com/TradingLabXYZ/WebBack/db_listener.go:14.35,18.2 3 0
github.com/TradingLabXYZ/WebBack/db_listener.go:20.36,21.60 1 0
github.com/TradingLabXYZ/WebBack/db_listener.go:28.2,30.16 3 0
github.com/TradingLabXYZ/WebBack/db_listener.go:21.60,22.17 1 0
github.com/TradingLabXYZ/WebBack/db_listener.go:22.17,26.4 1 0
github.com/TradingLabXYZ/WebBack/db_listener.go:30.16,34.3 1 0
github.com/TradingLabXYZ/WebBack/db_listener.go:37.41,38.6 1 0
github.com/TradingLabXYZ/WebBack/db_listener.go:38.6,42.3 3 0
github.com/TradingLabXYZ/WebBack/db_listener.go:45.42,48.46 3 0
github.com/TradingLabXYZ/WebBack/db_listener.go:48.46,50.3 1 0
github.com/TradingLabXYZ/WebBack/utilities_db.go:31.64,33.16 2 0
github.com/TradingLabXYZ/WebBack/utilities_db.go:37.2,51.16 3 0
github.com/TradingLabXYZ/WebBack/utilities_db.go:55.2,55.8 1 0
github.com/TradingLabXYZ/WebBack/utilities_db.go:33.16,35.3 1 0
github.com/TradingLabXYZ/WebBack/utilities_db.go:51.16,54.3 2 0
github.com/TradingLabXYZ/WebBack/utilities_db.go:58.77,60.16 2 0
github.com/TradingLabXYZ/WebBack/utilities_db.go:63.2,64.8 2 0
github.com/TradingLabXYZ/WebBack/utilities_db.go:60.16,62.3 1 0
github.com/TradingLabXYZ/WebBack/utilities_db.go:67.87,68.15 1 0
github.com/TradingLabXYZ/WebBack/utilities_db.go:80.2,80.8 1 0
github.com/TradingLabXYZ/WebBack/utilities_db.go:69.16,71.17 2 0
github.com/TradingLabXYZ/WebBack/utilities_db.go:74.16,76.17 2 0
github.com/TradingLabXYZ/WebBack/utilities_db.go:71.17,73.4 1 0
github.com/TradingLabXYZ/WebBack/utilities_db.go:76.17,78.4 1 0
github.com/TradingLabXYZ/WebBack/utilities_db.go:83.72,84.40 1 0
github.com/TradingLabXYZ/WebBack/utilities_db.go:84.40,86.27 2 0
github.com/TradingLabXYZ/WebBack/utilities_db.go:86.27,89.4 2 0
github.com/TradingLabXYZ/WebBack/utilities_db.go:89.9,92.4 2 0
github.com/TradingLabXYZ/WebBack/utilities_db.go:93.8,96.3 2 0
github.com/TradingLabXYZ/WebBack/utilities_db.go:99.72,100.37 1 0
github.com/TradingLabXYZ/WebBack/utilities_db.go:105.2,105.24 1 0
github.com/TradingLabXYZ/WebBack/utilities_db.go:108.2,108.8 1 0
github.com/TradingLabXYZ/WebBack/utilities_db.go:100.37,101.33 1 0
github.com/TradingLabXYZ/WebBack/utilities_db.go:101.33,103.4 1 0
github.com/TradingLabXYZ/WebBack/utilities_db.go:105.24,107.3 1 0
github.com/TradingLabXYZ/WebBack/utilities_db.go:111.46,120.2 2 0
github.com/TradingLabXYZ/WebBack/utilities_db.go:122.65,148.2 3 1
github.com/TradingLabXYZ/WebBack/utilities.go:15.61,16.21 1 0
github.com/TradingLabXYZ/WebBack/utilities.go:20.2,21.8 2 0
github.com/TradingLabXYZ/WebBack/utilities.go:16.21,19.3 2 0
github.com/TradingLabXYZ/WebBack/utilities.go:24.44,27.16 3 0
github.com/TradingLabXYZ/WebBack/utilities.go:36.2,41.8 4 0
github.com/TradingLabXYZ/WebBack/utilities.go:27.16,33.3 3 0
github.com/TradingLabXYZ/WebBack/utilities.go:44.36,48.19 4 0
github.com/TradingLabXYZ/WebBack/utilities.go:51.2,51.18 1 0
github.com/TradingLabXYZ/WebBack/utilities.go:48.19,50.3 1 0
github.com/TradingLabXYZ/WebBack/route_trades_ws.go:19.60,23.24 2 1
github.com/TradingLabXYZ/WebBack/route_trades_ws.go:31.2,35.16 4 1
github.com/TradingLabXYZ/WebBack/route_trades_ws.go:44.2,45.20 2 1
github.com/TradingLabXYZ/WebBack/route_trades_ws.go:50.2,51.16 2 1
github.com/TradingLabXYZ/WebBack/route_trades_ws.go:59.2,65.33 6 1
github.com/TradingLabXYZ/WebBack/route_trades_ws.go:23.24,29.3 3 0
github.com/TradingLabXYZ/WebBack/route_trades_ws.go:35.16,42.3 3 0
github.com/TradingLabXYZ/WebBack/route_trades_ws.go:45.20,48.3 2 0
github.com/TradingLabXYZ/WebBack/route_trades_ws.go:51.16,57.3 3 0
github.com/TradingLabXYZ/WebBack/route_trades_ws.go:68.74,70.32 1 1
github.com/TradingLabXYZ/WebBack/route_trades_ws.go:74.2,75.16 2 0
github.com/TradingLabXYZ/WebBack/route_trades_ws.go:79.2,80.16 2 0
github.com/TradingLabXYZ/WebBack/route_trades_ws.go:84.2,84.33 1 0
github.com/TradingLabXYZ/WebBack/route_trades_ws.go:88.2,88.27 1 0
github.com/TradingLabXYZ/WebBack/route_trades_ws.go:70.32,72.3 1 1
github.com/TradingLabXYZ/WebBack/route_trades_ws.go:75.16,77.3 1 0
github.com/TradingLabXYZ/WebBack/route_trades_ws.go:80.16,82.3 1 0
github.com/TradingLabXYZ/WebBack/route_trades_ws.go:84.33,86.3 1 0
github.com/TradingLabXYZ/WebBack/route_trades_ws.go:89.17,90.53 1 0
github.com/TradingLabXYZ/WebBack/route_trades_ws.go:91.19,100.17 3 0
github.com/TradingLabXYZ/WebBack/route_trades_ws.go:105.21,114.19 3 0
github.com/TradingLabXYZ/WebBack/route_trades_ws.go:119.10,124.53 2 0
github.com/TradingLabXYZ/WebBack/route_trades_ws.go:100.17,102.4 1 0
github.com/TradingLabXYZ/WebBack/route_trades_ws.go:102.9,104.4 1 0
github.com/TradingLabXYZ/WebBack/route_trades_ws.go:114.19,116.4 1 0
github.com/TradingLabXYZ/WebBack/route_trades_ws.go:116.9,118.4 1 0
github.com/TradingLabXYZ/WebBack/route_trades_ws.go:128.97,134.52 2 1
github.com/TradingLabXYZ/WebBack/route_trades_ws.go:142.2,142.29 1 1
github.com/TradingLabXYZ/WebBack/route_trades_ws.go:147.2,147.8 1 1
github.com/TradingLabXYZ/WebBack/route_trades_ws.go:134.52,135.34 1 1
github.com/TradingLabXYZ/WebBack/route_trades_ws.go:140.3,140.15 1 0
github.com/TradingLabXYZ/WebBack/route_trades_ws.go:135.34,136.39 1 1
github.com/TradingLabXYZ/WebBack/route_trades_ws.go:136.39,138.5 1 1
github.com/TradingLabXYZ/WebBack/route_trades_ws.go:142.29,144.3 1 1
github.com/TradingLabXYZ/WebBack/route_trades_ws.go:144.8,146.3 1 0
github.com/TradingLabXYZ/WebBack/route_trades_ws.go:150.48,152.37 2 1
github.com/TradingLabXYZ/WebBack/route_trades_ws.go:152.37,154.17 2 1
github.com/TradingLabXYZ/WebBack/route_trades_ws.go:154.17,161.4 3 0
github.com/TradingLabXYZ/WebBack/route_trades_ws.go:166.44,167.6 1 1
github.com/TradingLabXYZ/WebBack/route_trades_ws.go:167.6,169.17 2 1
github.com/TradingLabXYZ/WebBack/route_trades_ws.go:169.17,170.62 1 1
github.com/TradingLabXYZ/WebBack/route_trades_ws.go:177.4,178.10 2 1
github.com/TradingLabXYZ/WebBack/route_trades_ws.go:170.62,171.42 1 1
github.com/TradingLabXYZ/WebBack/route_trades_ws.go:171.42,175.6 1 1
github.com/TradingLabXYZ/WebBack/route_trades_ws.go:179.9,186.4 3 0
github.com/TradingLabXYZ/WebBack/route_trades_ws.go:190.46,191.6 1 1
github.com/TradingLabXYZ/WebBack/route_trades_ws.go:191.6,193.61 2 1
github.com/TradingLabXYZ/WebBack/route_trades_ws.go:193.61,195.18 2 0
github.com/TradingLabXYZ/WebBack/route_trades_ws.go:195.18,202.5 3 0
