mode: set
github.com/TradingLabXYZ/WebBack/route_settings.go:17.67,19.16 2 1
github.com/TradingLabXYZ/WebBack/route_settings.go:27.2,28.20 2 1
github.com/TradingLabXYZ/WebBack/route_settings.go:36.2,37.82 2 1
github.com/TradingLabXYZ/WebBack/route_settings.go:46.2,49.31 3 1
github.com/TradingLabXYZ/WebBack/route_settings.go:59.2,77.16 8 1
github.com/TradingLabXYZ/WebBack/route_settings.go:85.2,85.37 1 1
github.com/TradingLabXYZ/WebBack/route_settings.go:102.2,109.16 3 1
github.com/TradingLabXYZ/WebBack/route_settings.go:119.2,126.16 5 1
github.com/TradingLabXYZ/WebBack/route_settings.go:135.2,135.32 1 1
github.com/TradingLabXYZ/WebBack/route_settings.go:19.16,25.3 3 1
github.com/TradingLabXYZ/WebBack/route_settings.go:28.20,34.3 3 1
github.com/TradingLabXYZ/WebBack/route_settings.go:37.82,45.3 3 1
github.com/TradingLabXYZ/WebBack/route_settings.go:49.31,57.3 3 1
github.com/TradingLabXYZ/WebBack/route_settings.go:77.16,84.3 3 0
github.com/TradingLabXYZ/WebBack/route_settings.go:85.37,91.17 3 1
github.com/TradingLabXYZ/WebBack/route_settings.go:91.17,98.4 3 0
github.com/TradingLabXYZ/WebBack/route_settings.go:109.16,116.3 3 0
github.com/TradingLabXYZ/WebBack/route_settings.go:126.16,133.3 3 0
github.com/TradingLabXYZ/WebBack/route_settings.go:138.65,140.16 2 1
github.com/TradingLabXYZ/WebBack/route_settings.go:148.2,157.16 4 0
github.com/TradingLabXYZ/WebBack/route_settings.go:166.2,166.29 1 0
github.com/TradingLabXYZ/WebBack/route_settings.go:187.2,187.28 1 0
github.com/TradingLabXYZ/WebBack/route_settings.go:208.2,208.28 1 0
github.com/TradingLabXYZ/WebBack/route_settings.go:229.2,229.27 1 0
github.com/TradingLabXYZ/WebBack/route_settings.go:250.2,265.16 3 0
github.com/TradingLabXYZ/WebBack/route_settings.go:269.2,269.30 1 0
github.com/TradingLabXYZ/WebBack/route_settings.go:140.16,146.3 3 1
github.com/TradingLabXYZ/WebBack/route_settings.go:157.16,164.3 3 0
github.com/TradingLabXYZ/WebBack/route_settings.go:166.29,176.32 3 0
github.com/TradingLabXYZ/WebBack/route_settings.go:176.32,184.4 3 0
github.com/TradingLabXYZ/WebBack/route_settings.go:187.28,197.31 3 0
github.com/TradingLabXYZ/WebBack/route_settings.go:197.31,205.4 3 0
github.com/TradingLabXYZ/WebBack/route_settings.go:208.28,218.31 3 0
github.com/TradingLabXYZ/WebBack/route_settings.go:218.31,226.4 3 0
github.com/TradingLabXYZ/WebBack/route_settings.go:229.27,239.30 3 0
github.com/TradingLabXYZ/WebBack/route_settings.go:239.30,247.4 3 0
github.com/TradingLabXYZ/WebBack/route_settings.go:265.16,267.3 1 0
github.com/TradingLabXYZ/WebBack/route_settings.go:272.64,274.16 2 1
github.com/TradingLabXYZ/WebBack/route_settings.go:282.2,288.41 4 0
github.com/TradingLabXYZ/WebBack/route_settings.go:297.2,300.34 1 0
github.com/TradingLabXYZ/WebBack/route_settings.go:310.2,318.16 3 0
github.com/TradingLabXYZ/WebBack/route_settings.go:326.2,326.30 1 0
github.com/TradingLabXYZ/WebBack/route_settings.go:274.16,280.3 3 1
github.com/TradingLabXYZ/WebBack/route_settings.go:288.41,295.3 3 0
github.com/TradingLabXYZ/WebBack/route_settings.go:300.34,308.3 3 0
github.com/TradingLabXYZ/WebBack/route_settings.go:318.16,324.3 2 0
github.com/TradingLabXYZ/WebBack/utilities.go:15.61,16.21 1 1
github.com/TradingLabXYZ/WebBack/utilities.go:20.2,21.8 2 1
github.com/TradingLabXYZ/WebBack/utilities.go:16.21,19.3 2 1
github.com/TradingLabXYZ/WebBack/utilities.go:24.44,27.16 3 1
github.com/TradingLabXYZ/WebBack/utilities.go:36.2,41.8 4 1
github.com/TradingLabXYZ/WebBack/utilities.go:27.16,33.3 3 0
github.com/TradingLabXYZ/WebBack/utilities.go:44.36,48.19 4 1
github.com/TradingLabXYZ/WebBack/utilities.go:51.2,51.18 1 1
github.com/TradingLabXYZ/WebBack/utilities.go:48.19,50.3 1 1
github.com/TradingLabXYZ/WebBack/utilities_db.go:34.64,36.16 2 1
github.com/TradingLabXYZ/WebBack/utilities_db.go:40.2,54.16 3 1
github.com/TradingLabXYZ/WebBack/utilities_db.go:58.2,58.8 1 1
github.com/TradingLabXYZ/WebBack/utilities_db.go:36.16,38.3 1 0
github.com/TradingLabXYZ/WebBack/utilities_db.go:54.16,57.3 2 1
github.com/TradingLabXYZ/WebBack/utilities_db.go:61.77,63.16 2 1
github.com/TradingLabXYZ/WebBack/utilities_db.go:66.2,67.8 2 1
github.com/TradingLabXYZ/WebBack/utilities_db.go:63.16,65.3 1 0
github.com/TradingLabXYZ/WebBack/utilities_db.go:70.87,71.15 1 1
github.com/TradingLabXYZ/WebBack/utilities_db.go:83.2,83.8 1 1
github.com/TradingLabXYZ/WebBack/utilities_db.go:72.16,74.17 2 1
github.com/TradingLabXYZ/WebBack/utilities_db.go:77.16,79.17 2 0
github.com/TradingLabXYZ/WebBack/utilities_db.go:74.17,76.4 1 0
github.com/TradingLabXYZ/WebBack/utilities_db.go:79.17,81.4 1 0
github.com/TradingLabXYZ/WebBack/utilities_db.go:86.72,87.40 1 1
github.com/TradingLabXYZ/WebBack/utilities_db.go:87.40,89.27 2 1
github.com/TradingLabXYZ/WebBack/utilities_db.go:89.27,92.4 2 1
github.com/TradingLabXYZ/WebBack/utilities_db.go:92.9,95.4 2 0
github.com/TradingLabXYZ/WebBack/utilities_db.go:96.8,99.3 2 0
github.com/TradingLabXYZ/WebBack/utilities_db.go:102.72,103.37 1 0
github.com/TradingLabXYZ/WebBack/utilities_db.go:108.2,108.24 1 0
github.com/TradingLabXYZ/WebBack/utilities_db.go:111.2,111.8 1 0
github.com/TradingLabXYZ/WebBack/utilities_db.go:103.37,104.33 1 0
github.com/TradingLabXYZ/WebBack/utilities_db.go:104.33,106.4 1 0
github.com/TradingLabXYZ/WebBack/utilities_db.go:108.24,110.3 1 0
github.com/TradingLabXYZ/WebBack/utilities_db.go:114.46,123.2 2 1
github.com/TradingLabXYZ/WebBack/utilities_db.go:125.32,135.16 4 0
github.com/TradingLabXYZ/WebBack/utilities_db.go:135.16,138.3 2 0
github.com/TradingLabXYZ/WebBack/utilities_db.go:141.65,182.2 3 1
github.com/TradingLabXYZ/WebBack/main.go:22.13,36.2 10 0
github.com/TradingLabXYZ/WebBack/main.go:38.41,65.2 20 0
github.com/TradingLabXYZ/WebBack/main.go:75.33,82.2 1 0
github.com/TradingLabXYZ/WebBack/main.go:84.30,87.25 3 0
github.com/TradingLabXYZ/WebBack/main.go:95.2,105.16 3 0
github.com/TradingLabXYZ/WebBack/main.go:113.2,113.33 1 0
github.com/TradingLabXYZ/WebBack/main.go:121.2,121.8 1 0
github.com/TradingLabXYZ/WebBack/main.go:87.25,89.3 1 0
github.com/TradingLabXYZ/WebBack/main.go:89.8,89.29 1 0
github.com/TradingLabXYZ/WebBack/main.go:89.29,91.3 1 0
github.com/TradingLabXYZ/WebBack/main.go:91.8,91.26 1 0
github.com/TradingLabXYZ/WebBack/main.go:91.26,93.3 1 0
github.com/TradingLabXYZ/WebBack/main.go:105.16,111.3 2 0
github.com/TradingLabXYZ/WebBack/main.go:113.33,119.3 2 0
github.com/TradingLabXYZ/WebBack/main.go:124.33,130.16 2 0
github.com/TradingLabXYZ/WebBack/main.go:136.2,139.8 4 0
github.com/TradingLabXYZ/WebBack/main.go:130.16,135.3 2 0
github.com/TradingLabXYZ/WebBack/route_admin.go:22.61,26.26 3 1
github.com/TradingLabXYZ/WebBack/route_admin.go:33.2,35.35 3 1
github.com/TradingLabXYZ/WebBack/route_admin.go:51.2,52.41 2 1
github.com/TradingLabXYZ/WebBack/route_admin.go:63.2,67.33 4 1
github.com/TradingLabXYZ/WebBack/route_admin.go:26.26,30.3 3 1
github.com/TradingLabXYZ/WebBack/route_admin.go:35.35,36.42 1 1
github.com/TradingLabXYZ/WebBack/route_admin.go:36.42,38.31 2 1
github.com/TradingLabXYZ/WebBack/route_admin.go:43.4,43.35 1 1
github.com/TradingLabXYZ/WebBack/route_admin.go:46.4,46.60 1 1
github.com/TradingLabXYZ/WebBack/route_admin.go:38.31,40.5 1 1
github.com/TradingLabXYZ/WebBack/route_admin.go:40.10,42.5 1 0
github.com/TradingLabXYZ/WebBack/route_admin.go:43.35,45.5 1 1
github.com/TradingLabXYZ/WebBack/route_admin.go:52.41,55.28 3 1
github.com/TradingLabXYZ/WebBack/route_admin.go:60.3,60.63 1 1
github.com/TradingLabXYZ/WebBack/route_admin.go:55.28,56.27 1 1
github.com/TradingLabXYZ/WebBack/route_admin.go:56.27,58.5 1 1
github.com/TradingLabXYZ/WebBack/route_crypto.go:12.58,31.16 6 1
github.com/TradingLabXYZ/WebBack/route_crypto.go:34.2,34.24 1 1
github.com/TradingLabXYZ/WebBack/route_crypto.go:48.2,48.34 1 1
github.com/TradingLabXYZ/WebBack/route_crypto.go:31.16,33.3 1 0
github.com/TradingLabXYZ/WebBack/route_crypto.go:34.24,42.17 3 1
github.com/TradingLabXYZ/WebBack/route_crypto.go:45.3,45.28 1 1
github.com/TradingLabXYZ/WebBack/route_crypto.go:42.17,44.4 1 0
github.com/TradingLabXYZ/WebBack/route_crypto.go:51.62,78.16 6 1
github.com/TradingLabXYZ/WebBack/route_crypto.go:88.2,88.39 1 1
github.com/TradingLabXYZ/WebBack/route_crypto.go:78.16,86.3 3 0
github.com/TradingLabXYZ/WebBack/route_explore.go:12.60,15.20 3 0
github.com/TradingLabXYZ/WebBack/route_explore.go:21.2,99.16 4 0
github.com/TradingLabXYZ/WebBack/route_explore.go:104.2,104.31 1 0
github.com/TradingLabXYZ/WebBack/route_explore.go:15.20,19.3 3 0
github.com/TradingLabXYZ/WebBack/route_explore.go:99.16,103.3 3 0
github.com/TradingLabXYZ/WebBack/route_trades_snapshot.go:84.58,100.2 5 1
github.com/TradingLabXYZ/WebBack/route_trades_snapshot.go:102.54,219.16 4 1
github.com/TradingLabXYZ/WebBack/route_trades_snapshot.go:225.2,225.25 1 1
github.com/TradingLabXYZ/WebBack/route_trades_snapshot.go:274.2,274.8 1 1
github.com/TradingLabXYZ/WebBack/route_trades_snapshot.go:219.16,224.3 1 0
github.com/TradingLabXYZ/WebBack/route_trades_snapshot.go:225.25,262.17 2 1
github.com/TradingLabXYZ/WebBack/route_trades_snapshot.go:269.3,272.33 3 1
github.com/TradingLabXYZ/WebBack/route_trades_snapshot.go:262.17,267.4 1 0
github.com/TradingLabXYZ/WebBack/route_trades_snapshot.go:277.66,296.16 4 1
github.com/TradingLabXYZ/WebBack/route_trades_snapshot.go:303.2,303.28 1 1
github.com/TradingLabXYZ/WebBack/route_trades_snapshot.go:322.2,322.8 1 1
github.com/TradingLabXYZ/WebBack/route_trades_snapshot.go:296.16,301.3 1 0
github.com/TradingLabXYZ/WebBack/route_trades_snapshot.go:303.28,313.33 2 1
github.com/TradingLabXYZ/WebBack/route_trades_snapshot.go:320.3,320.42 1 1
github.com/TradingLabXYZ/WebBack/route_trades_snapshot.go:313.33,318.4 1 0
github.com/TradingLabXYZ/WebBack/route_trades_snapshot.go:325.57,333.40 2 1
github.com/TradingLabXYZ/WebBack/route_trades_snapshot.go:340.2,343.61 4 1
github.com/TradingLabXYZ/WebBack/route_trades_snapshot.go:333.40,339.3 5 1
github.com/TradingLabXYZ/WebBack/route_trades_snapshot.go:343.61,345.3 1 1
github.com/TradingLabXYZ/WebBack/route_trades_ws.go:20.60,24.24 2 1
github.com/TradingLabXYZ/WebBack/route_trades_ws.go:31.2,34.16 3 1
github.com/TradingLabXYZ/WebBack/route_trades_ws.go:44.2,49.16 6 1
github.com/TradingLabXYZ/WebBack/route_trades_ws.go:63.2,64.16 2 1
github.com/TradingLabXYZ/WebBack/route_trades_ws.go:72.2,78.43 5 1
github.com/TradingLabXYZ/WebBack/route_trades_ws.go:84.2,87.33 4 1
github.com/TradingLabXYZ/WebBack/route_trades_ws.go:24.24,30.3 3 1
github.com/TradingLabXYZ/WebBack/route_trades_ws.go:34.16,41.3 3 1
github.com/TradingLabXYZ/WebBack/route_trades_ws.go:49.16,51.17 2 1
github.com/TradingLabXYZ/WebBack/route_trades_ws.go:51.17,57.4 3 0
github.com/TradingLabXYZ/WebBack/route_trades_ws.go:58.9,60.3 0 1
github.com/TradingLabXYZ/WebBack/route_trades_ws.go:64.16,70.3 3 1
github.com/TradingLabXYZ/WebBack/route_trades_ws.go:78.43,82.3 3 1
github.com/TradingLabXYZ/WebBack/route_trades_ws.go:90.76,91.31 1 1
github.com/TradingLabXYZ/WebBack/route_trades_ws.go:97.2,97.27 1 1
github.com/TradingLabXYZ/WebBack/route_trades_ws.go:103.2,103.40 1 1
github.com/TradingLabXYZ/WebBack/route_trades_ws.go:109.2,109.26 1 1
github.com/TradingLabXYZ/WebBack/route_trades_ws.go:91.31,95.3 3 1
github.com/TradingLabXYZ/WebBack/route_trades_ws.go:97.27,101.3 3 1
github.com/TradingLabXYZ/WebBack/route_trades_ws.go:103.40,107.3 3 1
github.com/TradingLabXYZ/WebBack/route_trades_ws.go:110.17,113.9 3 1
github.com/TradingLabXYZ/WebBack/route_trades_ws.go:114.19,123.17 3 1
github.com/TradingLabXYZ/WebBack/route_trades_ws.go:132.21,141.19 3 1
github.com/TradingLabXYZ/WebBack/route_trades_ws.go:150.10,157.9 4 0
github.com/TradingLabXYZ/WebBack/route_trades_ws.go:123.17,127.4 3 1
github.com/TradingLabXYZ/WebBack/route_trades_ws.go:127.9,131.4 3 1
github.com/TradingLabXYZ/WebBack/route_trades_ws.go:141.19,145.4 3 1
github.com/TradingLabXYZ/WebBack/route_trades_ws.go:145.9,149.4 3 1
github.com/TradingLabXYZ/WebBack/route_trades_ws.go:161.97,166.52 2 1
github.com/TradingLabXYZ/WebBack/route_trades_ws.go:174.2,174.29 1 1
github.com/TradingLabXYZ/WebBack/route_trades_ws.go:179.2,179.8 1 1
github.com/TradingLabXYZ/WebBack/route_trades_ws.go:166.52,167.34 1 1
github.com/TradingLabXYZ/WebBack/route_trades_ws.go:172.3,172.15 1 1
github.com/TradingLabXYZ/WebBack/route_trades_ws.go:167.34,168.39 1 1
github.com/TradingLabXYZ/WebBack/route_trades_ws.go:168.39,170.5 1 1
github.com/TradingLabXYZ/WebBack/route_trades_ws.go:174.29,176.3 1 1
github.com/TradingLabXYZ/WebBack/route_trades_ws.go:176.8,178.3 1 1
github.com/TradingLabXYZ/WebBack/route_trades_ws.go:182.71,184.16 2 1
github.com/TradingLabXYZ/WebBack/route_trades_ws.go:184.16,191.3 3 1
github.com/TradingLabXYZ/WebBack/route_trades_ws.go:194.44,195.6 1 1
github.com/TradingLabXYZ/WebBack/route_trades_ws.go:195.6,197.32 2 1
github.com/TradingLabXYZ/WebBack/route_trades_ws.go:197.32,198.12 1 0
github.com/TradingLabXYZ/WebBack/route_trades_ws.go:199.9,199.24 1 1
github.com/TradingLabXYZ/WebBack/route_trades_ws.go:199.24,201.66 2 1
github.com/TradingLabXYZ/WebBack/route_trades_ws.go:206.4,208.54 2 1
github.com/TradingLabXYZ/WebBack/route_trades_ws.go:212.4,213.10 2 1
github.com/TradingLabXYZ/WebBack/route_trades_ws.go:201.66,202.49 1 1
github.com/TradingLabXYZ/WebBack/route_trades_ws.go:202.49,204.6 1 1
github.com/TradingLabXYZ/WebBack/route_trades_ws.go:208.54,210.5 1 1
github.com/TradingLabXYZ/WebBack/route_trades_ws.go:214.9,221.4 3 0
github.com/TradingLabXYZ/WebBack/route_trades_ws.go:225.46,226.6 1 1
github.com/TradingLabXYZ/WebBack/route_trades_ws.go:226.6,229.17 3 1
github.com/TradingLabXYZ/WebBack/route_trades_ws.go:229.17,236.4 3 0
github.com/TradingLabXYZ/WebBack/db_listener.go:14.35,18.2 3 1
github.com/TradingLabXYZ/WebBack/db_listener.go:20.36,21.60 1 1
github.com/TradingLabXYZ/WebBack/db_listener.go:28.2,30.16 3 1
github.com/TradingLabXYZ/WebBack/db_listener.go:21.60,22.17 1 1
github.com/TradingLabXYZ/WebBack/db_listener.go:22.17,26.4 1 0
github.com/TradingLabXYZ/WebBack/db_listener.go:30.16,34.3 1 0
github.com/TradingLabXYZ/WebBack/db_listener.go:37.41,38.6 1 1
github.com/TradingLabXYZ/WebBack/db_listener.go:38.6,42.3 3 1
github.com/TradingLabXYZ/WebBack/db_listener.go:45.44,48.48 3 1
github.com/TradingLabXYZ/WebBack/db_listener.go:48.48,50.44 2 1
github.com/TradingLabXYZ/WebBack/db_listener.go:53.3,53.24 1 1
github.com/TradingLabXYZ/WebBack/db_listener.go:50.44,52.4 1 0
github.com/TradingLabXYZ/WebBack/route_login.go:16.52,25.16 5 0
github.com/TradingLabXYZ/WebBack/route_login.go:32.2,33.22 2 0
github.com/TradingLabXYZ/WebBack/route_login.go:43.2,44.16 2 0
github.com/TradingLabXYZ/WebBack/route_login.go:50.2,76.38 2 0
github.com/TradingLabXYZ/WebBack/route_login.go:25.16,30.3 4 0
github.com/TradingLabXYZ/WebBack/route_login.go:33.22,36.17 3 0
github.com/TradingLabXYZ/WebBack/route_login.go:36.17,40.4 3 0
github.com/TradingLabXYZ/WebBack/route_login.go:44.16,48.3 3 0
github.com/TradingLabXYZ/WebBack/route_subtrades.go:16.58,27.47 5 1
github.com/TradingLabXYZ/WebBack/route_subtrades.go:53.2,56.16 3 1
github.com/TradingLabXYZ/WebBack/route_subtrades.go:63.2,63.8 1 1
github.com/TradingLabXYZ/WebBack/route_subtrades.go:27.47,51.3 23 1
github.com/TradingLabXYZ/WebBack/route_subtrades.go:56.16,62.3 2 1
github.com/TradingLabXYZ/WebBack/route_subtrades.go:66.61,68.16 2 1
github.com/TradingLabXYZ/WebBack/route_subtrades.go:76.2,77.21 2 1
github.com/TradingLabXYZ/WebBack/route_subtrades.go:86.2,102.39 4 1
github.com/TradingLabXYZ/WebBack/route_subtrades.go:110.2,110.30 1 1
github.com/TradingLabXYZ/WebBack/route_subtrades.go:68.16,74.3 3 1
github.com/TradingLabXYZ/WebBack/route_subtrades.go:77.21,84.3 3 1
github.com/TradingLabXYZ/WebBack/route_subtrades.go:102.39,108.3 2 0
github.com/TradingLabXYZ/WebBack/route_subtrades.go:113.61,115.16 2 1
github.com/TradingLabXYZ/WebBack/route_subtrades.go:123.2,136.16 4 1
github.com/TradingLabXYZ/WebBack/route_subtrades.go:145.2,164.39 3 1
github.com/TradingLabXYZ/WebBack/route_subtrades.go:172.2,172.30 1 1
github.com/TradingLabXYZ/WebBack/route_subtrades.go:115.16,121.3 3 1
github.com/TradingLabXYZ/WebBack/route_subtrades.go:136.16,143.3 3 1
github.com/TradingLabXYZ/WebBack/route_subtrades.go:164.39,170.3 2 0
github.com/TradingLabXYZ/WebBack/route_subtrades.go:175.61,177.16 2 1
github.com/TradingLabXYZ/WebBack/route_subtrades.go:185.2,186.25 2 1
github.com/TradingLabXYZ/WebBack/route_subtrades.go:195.2,200.30 2 1
github.com/TradingLabXYZ/WebBack/route_subtrades.go:177.16,183.3 3 1
github.com/TradingLabXYZ/WebBack/route_subtrades.go:186.25,193.3 3 1
github.com/TradingLabXYZ/WebBack/route_trades_manage.go:32.58,34.16 2 1
github.com/TradingLabXYZ/WebBack/route_trades_manage.go:42.2,45.16 4 1
github.com/TradingLabXYZ/WebBack/route_trades_manage.go:54.2,56.35 2 1
github.com/TradingLabXYZ/WebBack/route_trades_manage.go:65.2,66.16 2 1
github.com/TradingLabXYZ/WebBack/route_trades_manage.go:74.2,75.16 2 1
github.com/TradingLabXYZ/WebBack/route_trades_manage.go:84.2,84.30 1 1
github.com/TradingLabXYZ/WebBack/route_trades_manage.go:34.16,40.3 3 1
github.com/TradingLabXYZ/WebBack/route_trades_manage.go:45.16,52.3 3 1
github.com/TradingLabXYZ/WebBack/route_trades_manage.go:56.35,63.3 3 1
github.com/TradingLabXYZ/WebBack/route_trades_manage.go:66.16,72.3 3 0
github.com/TradingLabXYZ/WebBack/route_trades_manage.go:75.16,82.3 4 1
github.com/TradingLabXYZ/WebBack/route_trades_manage.go:87.54,103.16 3 1
github.com/TradingLabXYZ/WebBack/route_trades_manage.go:110.2,110.8 1 1
github.com/TradingLabXYZ/WebBack/route_trades_manage.go:103.16,109.3 2 1
github.com/TradingLabXYZ/WebBack/route_trades_manage.go:113.64,115.16 2 1
github.com/TradingLabXYZ/WebBack/route_trades_manage.go:123.2,124.21 2 1
github.com/TradingLabXYZ/WebBack/route_trades_manage.go:133.2,135.16 3 1
github.com/TradingLabXYZ/WebBack/route_trades_manage.go:144.2,152.36 3 1
github.com/TradingLabXYZ/WebBack/route_trades_manage.go:162.2,169.36 3 1
github.com/TradingLabXYZ/WebBack/route_trades_manage.go:179.2,179.30 1 1
github.com/TradingLabXYZ/WebBack/route_trades_manage.go:115.16,121.3 3 1
github.com/TradingLabXYZ/WebBack/route_trades_manage.go:124.21,131.3 3 1
github.com/TradingLabXYZ/WebBack/route_trades_manage.go:135.16,142.3 3 0
github.com/TradingLabXYZ/WebBack/route_trades_manage.go:152.36,160.3 3 1
github.com/TradingLabXYZ/WebBack/route_trades_manage.go:169.36,177.3 3 0
github.com/TradingLabXYZ/WebBack/route_trades_manage.go:182.58,184.16 2 1
github.com/TradingLabXYZ/WebBack/route_trades_manage.go:192.2,193.21 2 1
github.com/TradingLabXYZ/WebBack/route_trades_manage.go:202.2,207.30 2 1
github.com/TradingLabXYZ/WebBack/route_trades_manage.go:184.16,190.3 3 1
github.com/TradingLabXYZ/WebBack/route_trades_manage.go:193.21,200.3 3 1
